Android/ManiKireeti/Beginners/Problem1/app/build/intermediates/manifest_merge_blame_file/debug/manifest-merger-blame-debug-report.txt
1<?xml version="1.0" encoding="utf-8"?>
2<manifest xmlns:android="http://schemas.android.com/apk/res/android"
3    package="com.example.problem1"
4    android:versionCode="1"
5    android:versionName="1.0" >
6
7    <uses-sdk
8        android:minSdkVersion="16"
8-->src\main\AndroidManifest.xml
9        android:targetSdkVersion="30" />
9-->src\main\AndroidManifest.xml
10
11    <application
11-->src\main\AndroidManifest.xml:5:5-44:19
12        android:allowBackup="true"
12-->src\main\AndroidManifest.xml:6:9-35
13        android:appComponentFactory="androidx.core.app.CoreComponentFactory"
13-->[androidx.core:core:1.5.0] AndroidManifest.xml:24:18-86
14        android:debuggable="true"
15        android:icon="@mipmap/ic_launcher"
15-->src\main\AndroidManifest.xml:7:9-43
16        android:label="@string/app_name"
16-->src\main\AndroidManifest.xml:8:9-41
17        android:roundIcon="@mipmap/ic_launcher_round"
17-->src\main\AndroidManifest.xml:9:9-54
18        android:supportsRtl="true"
18-->src\main\AndroidManifest.xml:10:9-35
19        android:testOnly="true"
20        android:theme="@style/Theme.Problem1" >
20-->src\main\AndroidManifest.xml:11:9-46
21        <activity
21-->src\main\AndroidManifest.xml:13:9-20:20
22            android:name="com.example.problem1.fourthActivity"
22-->src\main\AndroidManifest.xml:14:13-43
23            android:label="fourthActivity"
23-->src\main\AndroidManifest.xml:15:13-43
24            android:parentActivityName="com.example.problem1.MainActivity" >
24-->src\main\AndroidManifest.xml:16:13-55
25            <meta-data
25-->src\main\AndroidManifest.xml:17:13-19:69
26                android:name="android.support.PARENT_ACTIVITY"
26-->src\main\AndroidManifest.xml:18:17-63
27                android:value="com.example.problem1.MainActivity" />
27-->src\main\AndroidManifest.xml:19:17-66
28        </activity>
29        <activity
29-->src\main\AndroidManifest.xml:21:9-28:20
30            android:name="com.example.problem1.ThirdActivity"
30-->src\main\AndroidManifest.xml:22:13-42
31            android:label="ThirdActivity"
31-->src\main\AndroidManifest.xml:23:13-42
32            android:parentActivityName="com.example.problem1.SecondActivity" >
32-->src\main\AndroidManifest.xml:24:13-57
33            <meta-data
33-->src\main\AndroidManifest.xml:17:13-19:69
34                android:name="android.support.PARENT_ACTIVITY"
34-->src\main\AndroidManifest.xml:18:17-63
35                android:value="com.example.problem1.SecondActivity" />
35-->src\main\AndroidManifest.xml:19:17-66
36        </activity>
37        <activity
37-->src\main\AndroidManifest.xml:29:9-36:20
38            android:name="com.example.problem1.SecondActivity"
38-->src\main\AndroidManifest.xml:30:13-43
39            android:label="SecondActivity"
39-->src\main\AndroidManifest.xml:31:13-43
40            android:parentActivityName="com.example.problem1.MainActivity" >
40-->src\main\AndroidManifest.xml:32:13-55
41            <meta-data
41-->src\main\AndroidManifest.xml:17:13-19:69
42                android:name="android.support.PARENT_ACTIVITY"
42-->src\main\AndroidManifest.xml:18:17-63
43                android:value="com.example.problem1.MainActivity" />
43-->src\main\AndroidManifest.xml:19:17-66
44        </activity>
45        <activity android:name="com.example.problem1.MainActivity" >
45-->src\main\AndroidManifest.xml:37:9-43:20
45-->src\main\AndroidManifest.xml:37:19-47
46            <intent-filter>
46-->src\main\AndroidManifest.xml:38:13-42:29
47                <action android:name="android.intent.action.MAIN" />
47-->src\main\AndroidManifest.xml:39:17-69
47-->src\main\AndroidManifest.xml:39:25-66
48
49                <category android:name="android.intent.category.LAUNCHER" />
49-->src\main\AndroidManifest.xml:41:17-77
49-->src\main\AndroidManifest.xml:41:27-74
50            </intent-filter>
51        </activity>
52    </application>
53
54</manifest>